<?xml version="1.0" encoding="UTF-8"?>
<!-- Generated by org.testng.reporters.JUnitXMLReporter -->
<testsuite ignored="0" hostname="LAPTOP-HSKR9U4O" failures="0" tests="5" name="Default test" time="13.966" errors="0" timestamp="2023-12-07T12:57:09 IST">
  <testcase classname="testNGannotationFlag.Flag8DataProvider" name="LoginonActiTime" time="7.821"/>
  <testcase classname="testNGannotationFlag.Flag8DataProvider" name="LoginonActiTime" time="1.503"/>
  <testcase classname="testNGannotationFlag.Flag8DataProvider" name="LoginonActiTime" time="1.519"/>
  <testcase classname="testNGannotationFlag.Flag8DataProvider" name="LoginonActiTime" time="1.507"/>
  <testcase classname="testNGannotationFlag.Flag8DataProvider" name="LoginonActiTime" time="1.547"/>
</testsuite> <!-- Default test -->
