<?xml version="1.0" encoding="UTF-8"?>
<!-- Generated by org.testng.reporters.JUnitXMLReporter -->
<testsuite ignored="1" hostname="LAPTOP-HSKR9U4O" failures="1" tests="1" name="Test(failed)" time="0.032" errors="0" timestamp="2023-11-29T12:19:02 IST">
  <testcase classname="testNGExecutionPackage.Test3" name="Method2" time="0.006">
    <failure type="java.lang.ArithmeticException" message="/ by zero">
      <![CDATA[java.lang.ArithmeticException: / by zero
at testNGExecutionPackage.Test3.Method2(Test3.java:15)
at java.base/java.util.ArrayList.forEach(ArrayList.java:1511)
... Removed 25 stack frames]]>
    </failure>
  </testcase> <!-- Method2 -->
  <testcase classname="testNGExecutionPackage.Test3" name="Method1" time="0.0">
    <ignored/>
  </testcase> <!-- Method1 -->
</testsuite> <!-- Test(failed) -->
