<?xml version="1.0" encoding="UTF-8"?>
<testng-results ignored="0" total="5" passed="5" failed="0" skipped="0">
  <reporter-output>
  </reporter-output>
  <suite started-at="2023-12-07T12:56:55 IST" name="Default suite" finished-at="2023-12-07T12:57:09 IST" duration-ms="13966">
    <groups>
    </groups>
    <test started-at="2023-12-07T12:56:55 IST" name="Default test" finished-at="2023-12-07T12:57:09 IST" duration-ms="13966">
      <class name="testNGannotationFlag.Flag8DataProvider">
        <test-method signature="LoginonActiTime(java.lang.String,java.lang.String)[pri:0, instance:testNGannotationFlag.Flag8DataProvider@77847718]" started-at="2023-12-07T12:56:55 IST" name="LoginonActiTime" data-provider="Testdata" finished-at="2023-12-07T12:57:03 IST" duration-ms="7821" status="PASS">
          <params>
            <param index="0">
              <value>
                <![CDATA[ad_min]]>
              </value>
            </param>
            <param index="1">
              <value>
                <![CDATA[mana_ger]]>
              </value>
            </param>
          </params>
          <reporter-output>
          </reporter-output>
        </test-method> <!-- LoginonActiTime -->
        <test-method signature="LoginonActiTime(java.lang.String,java.lang.String)[pri:0, instance:testNGannotationFlag.Flag8DataProvider@77847718]" started-at="2023-12-07T12:57:03 IST" name="LoginonActiTime" data-provider="Testdata" finished-at="2023-12-07T12:57:04 IST" duration-ms="1503" status="PASS">
          <params>
            <param index="0">
              <value>
                <![CDATA[ad_min]]>
              </value>
            </param>
            <param index="1">
              <value>
                <![CDATA[mana_ger]]>
              </value>
            </param>
          </params>
          <reporter-output>
          </reporter-output>
        </test-method> <!-- LoginonActiTime -->
        <test-method signature="LoginonActiTime(java.lang.String,java.lang.String)[pri:0, instance:testNGannotationFlag.Flag8DataProvider@77847718]" started-at="2023-12-07T12:57:04 IST" name="LoginonActiTime" data-provider="Testdata" finished-at="2023-12-07T12:57:06 IST" duration-ms="1519" status="PASS">
          <params>
            <param index="0">
              <value>
                <![CDATA[ad_min]]>
              </value>
            </param>
            <param index="1">
              <value>
                <![CDATA[mana_ger]]>
              </value>
            </param>
          </params>
          <reporter-output>
          </reporter-output>
        </test-method> <!-- LoginonActiTime -->
        <test-method signature="LoginonActiTime(java.lang.String,java.lang.String)[pri:0, instance:testNGannotationFlag.Flag8DataProvider@77847718]" started-at="2023-12-07T12:57:06 IST" name="LoginonActiTime" data-provider="Testdata" finished-at="2023-12-07T12:57:07 IST" duration-ms="1507" status="PASS">
          <params>
            <param index="0">
              <value>
                <![CDATA[ad_min]]>
              </value>
            </param>
            <param index="1">
              <value>
                <![CDATA[mana_ger]]>
              </value>
            </param>
          </params>
          <reporter-output>
          </reporter-output>
        </test-method> <!-- LoginonActiTime -->
        <test-method signature="LoginonActiTime(java.lang.String,java.lang.String)[pri:0, instance:testNGannotationFlag.Flag8DataProvider@77847718]" started-at="2023-12-07T12:57:07 IST" name="LoginonActiTime" data-provider="Testdata" finished-at="2023-12-07T12:57:09 IST" duration-ms="1547" status="PASS">
          <params>
            <param index="0">
              <value>
                <![CDATA[ad_min]]>
              </value>
            </param>
            <param index="1">
              <value>
                <![CDATA[mana_ger]]>
              </value>
            </param>
          </params>
          <reporter-output>
          </reporter-output>
        </test-method> <!-- LoginonActiTime -->
      </class> <!-- testNGannotationFlag.Flag8DataProvider -->
    </test> <!-- Default test -->
  </suite> <!-- Default suite -->
</testng-results>
