<?xml version="1.0" encoding="UTF-8"?>
<!-- Generated by org.testng.reporters.JUnitXMLReporter -->
<testsuite ignored="6" hostname="LAPTOP-HSKR9U4O" failures="0" tests="12" name="Test" time="0.104" errors="0" timestamp="2023-12-04T12:38:24 IST">
  <testcase classname="testNGannotationFlag.Flag6groups" name="FT1" time="0.014"/>
  <testcase classname="testNGannotationFlag.Flag6groups" name="FT2" time="0.001"/>
  <testcase classname="testNGannotationFlag.Flag6groups" name="FT3" time="0.002"/>
  <testcase classname="testNGannotationFlag.Flag6groups" name="FT4" time="0.003"/>
  <testcase classname="testNGannotationFlag.Flag6groups" name="FT5" time="0.002"/>
  <testcase classname="testNGannotationFlag.Flag6groups" name="FT6" time="0.001"/>
  <testcase classname="testNGannotationFlag.Flag6groups" name="IT1" time="0.003"/>
  <testcase classname="testNGannotationFlag.Flag6groups" name="IT2" time="0.001"/>
  <testcase classname="testNGannotationFlag.Flag6groups" name="IT3" time="0.001"/>
  <testcase classname="testNGannotationFlag.Flag6groups" name="IT4" time="0.002"/>
  <testcase classname="testNGannotationFlag.Flag6groups" name="IT5" time="0.002"/>
  <testcase classname="testNGannotationFlag.Flag6groups" name="IT6" time="0.001"/>
  <testcase classname="testNGannotationFlag.Flag6groups" name="ST6" time="0.0">
    <ignored/>
  </testcase> <!-- ST6 -->
  <testcase classname="testNGannotationFlag.Flag6groups" name="ST5" time="0.0">
    <ignored/>
  </testcase> <!-- ST5 -->
  <testcase classname="testNGannotationFlag.Flag6groups" name="ST2" time="0.0">
    <ignored/>
  </testcase> <!-- ST2 -->
  <testcase classname="testNGannotationFlag.Flag6groups" name="ST1" time="0.0">
    <ignored/>
  </testcase> <!-- ST1 -->
  <testcase classname="testNGannotationFlag.Flag6groups" name="ST4" time="0.0">
    <ignored/>
  </testcase> <!-- ST4 -->
  <testcase classname="testNGannotationFlag.Flag6groups" name="ST3" time="0.0">
    <ignored/>
  </testcase> <!-- ST3 -->
</testsuite> <!-- Test -->
