<?xml version="1.0" encoding="UTF-8"?>
<!-- Generated by org.testng.reporters.JUnitReportReporter -->
<testsuite hostname="LAPTOP-HSKR9U4O" failures="0" tests="2" name="testNGExecutionPackage.Test1" time="0.028" errors="0" timestamp="2023-11-30T12:10:01 IST" skipped="0">
  <testcase classname="testNGExecutionPackage.Test1" name="Method1" time="0.023">
    <system-out>
      <![CDATA[Method1 from text1 class]]>
    </system-out>
  </testcase> <!-- Method1 -->
  <testcase classname="testNGExecutionPackage.Test1" name="Method2" time="0.005">
    <system-out>
      <![CDATA[Method2 from text1 class]]>
    </system-out>
  </testcase> <!-- Method2 -->
  <system-out>
    <![CDATA[Method1 from text2 class
Method1 from text1 class
Method2 from text2 class
Method2 from text3 class5
Method1 from text3 class
Method2 from text1 class]]>
  </system-out>
</testsuite> <!-- testNGExecutionPackage.Test1 -->
